<?xml version="1.0" encoding="UTF-8"?>
<!-- Generated by org.testng.reporters.JUnitReportReporter -->
<testsuite hostname="Sasi" failures="0" tests="1" name="TestNG_Failling.facebook" time="6.909" errors="0" timestamp="2023-10-20T11:39:17 IST" skipped="0">
  <testcase classname="TestNG_Failling.facebook" name="fb" time="6.909"/>
</testsuite> <!-- TestNG_Failling.facebook -->
