<?xml version="1.0" encoding="UTF-8"?>
<!-- Generated by org.testng.reporters.JUnitReportReporter -->
<testsuite hostname="Sasi" failures="0" tests="1" name="TestNG_sequential.Amazon" time="4.378" errors="0" timestamp="2023-10-18T11:28:55 IST" skipped="0">
  <testcase classname="TestNG_sequential.Amazon" name="amz" time="4.378"/>
</testsuite> <!-- TestNG_sequential.Amazon -->
