<?xml version="1.0" encoding="UTF-8"?>
<!-- Generated by org.testng.reporters.JUnitReportReporter -->
<testsuite hostname="Sasi" failures="0" tests="3" name="TestNG.DataProvoder" time="14.036" errors="0" timestamp="2023-10-21T10:17:21 IST" skipped="0">
  <testcase classname="TestNG.DataProvoder" name="demo" time="4.668"/>
  <testcase classname="TestNG.DataProvoder" name="demo" time="4.880"/>
  <testcase classname="TestNG.DataProvoder" name="demo" time="4.488"/>
</testsuite> <!-- TestNG.DataProvoder -->
