<?xml version="1.0" encoding="UTF-8"?>
<!-- Generated by org.testng.reporters.JUnitReportReporter -->
<testsuite hostname="Sasi" failures="0" tests="7" name="TestNG.priority_Invocation_enabled" time="0.025" errors="0" timestamp="2023-10-18T10:40:23 IST" skipped="0">
  <testcase classname="TestNG.priority_Invocation_enabled" name="demo3" time="0.003"/>
  <testcase classname="TestNG.priority_Invocation_enabled" name="demo3" time="0.012"/>
  <testcase classname="TestNG.priority_Invocation_enabled" name="demo3" time="0.003"/>
  <testcase classname="TestNG.priority_Invocation_enabled" name="demo1" time="0.003"/>
  <testcase classname="TestNG.priority_Invocation_enabled" name="demo1" time="0.001"/>
  <testcase classname="TestNG.priority_Invocation_enabled" name="demo2" time="0.002"/>
  <testcase classname="TestNG.priority_Invocation_enabled" name="demo2" time="0.001"/>
</testsuite> <!-- TestNG.priority_Invocation_enabled -->
