<?xml version="1.0" encoding="UTF-8"?>
<!-- Generated by org.testng.reporters.JUnitReportReporter -->
<testsuite hostname="Sasi" failures="0" tests="1" name="TestNG_Failling.amzon" time="5.631" errors="0" timestamp="2023-10-20T11:39:17 IST" skipped="0">
  <testcase classname="TestNG_Failling.amzon" name="amz" time="5.631"/>
</testsuite> <!-- TestNG_Failling.amzon -->
