<?xml version="1.0" encoding="UTF-8"?>
<!-- Generated by org.testng.reporters.JUnitReportReporter -->
<testsuite hostname="Sasi" failures="0" tests="1" name="TestNG_sequential.facebook" time="47.332" errors="0" timestamp="2023-10-18T11:28:55 IST" skipped="0">
  <testcase classname="TestNG_sequential.facebook" name="fb" time="47.332"/>
</testsuite> <!-- TestNG_sequential.facebook -->
