<?xml version="1.0" encoding="UTF-8"?>
<!-- Generated by org.testng.reporters.JUnitReportReporter -->
<testsuite hostname="Sasi" failures="0" tests="2" name="TestNG.Annotations" time="16.166" errors="0" timestamp="2023-10-20T10:15:24 IST" skipped="0">
  <testcase classname="TestNG.Annotations" name="amazon" time="7.733"/>
  <testcase classname="TestNG.Annotations" name="fb" time="8.433"/>
</testsuite> <!-- TestNG.Annotations -->
