<?xml version="1.0" encoding="UTF-8"?>
<!-- Generated by org.testng.reporters.JUnitReportReporter -->
<testsuite hostname="Sasi" failures="0" tests="1" name="TestNg_Group.sample2" time="0.014" errors="0" timestamp="2023-10-20T10:39:02 IST" skipped="0">
  <testcase classname="TestNg_Group.sample2" name="demo4" time="0.014"/>
</testsuite> <!-- TestNg_Group.sample2 -->
