<?xml version="1.0" encoding="UTF-8"?>
<!-- Generated by org.testng.reporters.JUnitReportReporter -->
<testsuite hostname="Sasi" failures="0" tests="2" name="TestNG.Assertions" time="8.732" errors="0" timestamp="2023-10-20T11:43:10 IST" skipped="0">
  <testcase classname="TestNG.Assertions" name="fbOpen" time="5.296"/>
  <testcase classname="TestNG.Assertions" name="quit" time="3.436"/>
</testsuite> <!-- TestNG.Assertions -->
