<?xml version="1.0" encoding="UTF-8"?>
<!-- Generated by org.testng.reporters.JUnitReportReporter -->
<testsuite hostname="Sasi" failures="0" tests="1" name="TestNG_Parallel.Facebooj" time="4.810" errors="0" timestamp="2023-10-19T10:30:36 IST" skipped="0">
  <testcase classname="TestNG_Parallel.Facebooj" name="fb" time="4.810"/>
</testsuite> <!-- TestNG_Parallel.Facebooj -->
