<?xml version="1.0" encoding="UTF-8"?>
<!-- Generated by org.testng.reporters.JUnitReportReporter -->
<testsuite hostname="Sasi" failures="0" tests="3" name="TestNG_Parallel.CrossBrowserParallel" time="16.574" errors="0" timestamp="2023-10-19T11:12:58 IST" skipped="0">
  <testcase classname="TestNG_Parallel.CrossBrowserParallel" name="fb" time="2.658"/>
  <testcase classname="TestNG_Parallel.CrossBrowserParallel" name="fb" time="5.600"/>
  <testcase classname="TestNG_Parallel.CrossBrowserParallel" name="fb" time="8.316"/>
</testsuite> <!-- TestNG_Parallel.CrossBrowserParallel -->
